2025-10-01 10:23:27,010 - analyze_barangay - INFO - Analyzing barangay ID: 17
2025-10-01 10:23:29,751 - httpx - INFO - HTTP Request: GET https://wzmlfzlmmwclerbwqfha.supabase.co/rest/v1/survey_response?select=response_id%2Cbarangay_id%2Cinterviewer_id%2Ccreated_at%2Cupdated_at%2Csurvey_section%28section_name%2Csurvey_answer%28answer_value%2Canswer_text%2Csurvey_question%28question_text%2Cquestion_type%29%29%29%2Cbarangay%28barangay_name%2Cpopulation%2Chouseholds%2Carea%29&barangay_id=eq.17 "HTTP/2 400 Bad Request"
2025-10-01 10:23:29,754 - analyze_barangay - INFO - Analysis completed successfully for barangay ID: 17
2025-10-01 10:29:50,819 - analyze_barangay - INFO - Analyzing barangay ID: 17
2025-10-01 10:29:53,414 - httpx - INFO - HTTP Request: GET https://wzmlfzlmmwclerbwqfha.supabase.co/rest/v1/survey_response?select=response_id%2Cbarangay_id%2Cinterviewer_id%2Ccreated_at%2Cupdated_at%2Cstatus%2Cprogress%2Csurvey_section%28section_name%2Csection_key%2Cdata%2Cstatus%29%2Cbarangay%28barangay_name%2Cpopulation%2Chouseholds%2Carea%29&barangay_id=eq.17&status=in.%28completed%2Csubmitted%29 "HTTP/2 401 Unauthorized"
2025-10-01 10:29:53,418 - analyze_barangay - INFO - Analysis completed successfully for barangay ID: 17
2025-10-01 10:30:22,375 - analyze_barangay - INFO - Analyzing barangay ID: 17
2025-10-01 10:30:24,189 - httpx - INFO - HTTP Request: GET https://wzmlfzlmmwclerbwqfha.supabase.co/rest/v1/survey_response?select=response_id%2Cbarangay_id%2Cinterviewer_id%2Ccreated_at%2Cupdated_at%2Cstatus%2Cprogress%2Csurvey_section%28section_name%2Csection_key%2Cdata%2Cstatus%29%2Cbarangay%28barangay_name%2Cpopulation%2Chouseholds%2Carea%29&barangay_id=eq.17&status=in.%28completed%2Csubmitted%29 "HTTP/2 403 Forbidden"
2025-10-01 10:30:24,192 - analyze_barangay - INFO - Analysis completed successfully for barangay ID: 17
2025-10-01 10:39:21,847 - analyze_barangay - INFO - Analyzing barangay ID: 17
2025-10-01 10:39:22,730 - analyze_barangay - ERROR - Error analyzing barangay ID 17: 'question_text'
2025-10-01 10:41:57,048 - analyze_barangay - INFO - Analyzing barangay ID: 17
2025-10-01 10:42:00,069 - httpx - INFO - HTTP Request: GET https://wzmlfzlmmwclerbwqfha.supabase.co/rest/v1/barangay?select=barangay_id%2Cbarangay_name%2Cpopulation%2Chouseholds%2Carea%2Ccaptain%2Cseal%2Cis_active%2Cdescription%2Ccreated_at%2Cupdated_at&barangay_id=eq.17 "HTTP/2 403 Forbidden"
2025-10-01 10:42:00,072 - analyze_barangay - INFO - Analysis completed successfully for barangay ID: 17
2025-10-01 10:45:13,866 - analyze_barangay - INFO - Analyzing barangay ID: 17
2025-10-01 10:45:15,794 - analyze_barangay - ERROR - Error analyzing barangay ID 17: Object of type Timestamp is not JSON serializable
2025-10-01 10:46:43,290 - analyze_barangay - INFO - Analyzing barangay ID: 17
2025-10-01 10:46:45,169 - analyze_barangay - INFO - Analysis completed successfully for barangay ID: 17
2025-10-01 10:51:00,966 - analyze_barangay - INFO - Analyzing barangay ID: 17
2025-10-01 10:51:02,899 - analyze_barangay - INFO - Analysis completed successfully for barangay ID: 17
2025-10-01 10:51:07,695 - analyze_barangay - INFO - Analyzing barangay ID: 17
2025-10-01 10:51:07,695 - analyze_barangay - INFO - Analyzing barangay ID: 17
2025-10-01 10:51:10,040 - analyze_barangay - INFO - Analysis completed successfully for barangay ID: 17
2025-10-01 10:51:10,043 - analyze_barangay - INFO - Analysis completed successfully for barangay ID: 17
2025-10-01 11:12:59,810 - analyze_barangay - INFO - Analyzing barangay ID: 17
2025-10-01 11:13:03,496 - httpx - INFO - HTTP Request: GET https://wzmlfzlmmwclerbwqfha.supabase.co/rest/v1/action_grid_classification?select=classification_id&barangay_id=eq.17&service_name=eq.business "HTTP/2 403 Forbidden"
2025-10-01 11:13:03,750 - httpx - INFO - HTTP Request: GET https://wzmlfzlmmwclerbwqfha.supabase.co/rest/v1/action_grid_classification?select=classification_id&barangay_id=eq.17&service_name=eq.disaster "HTTP/2 403 Forbidden"
2025-10-01 11:13:04,010 - httpx - INFO - HTTP Request: GET https://wzmlfzlmmwclerbwqfha.supabase.co/rest/v1/action_grid_classification?select=classification_id&barangay_id=eq.17&service_name=eq.environmental "HTTP/2 403 Forbidden"
2025-10-01 11:13:04,274 - httpx - INFO - HTTP Request: GET https://wzmlfzlmmwclerbwqfha.supabase.co/rest/v1/action_grid_classification?select=classification_id&barangay_id=eq.17&service_name=eq.financial "HTTP/2 403 Forbidden"
2025-10-01 11:13:04,536 - httpx - INFO - HTTP Request: GET https://wzmlfzlmmwclerbwqfha.supabase.co/rest/v1/action_grid_classification?select=classification_id&barangay_id=eq.17&service_name=eq.safety "HTTP/2 403 Forbidden"
2025-10-01 11:13:04,838 - httpx - INFO - HTTP Request: GET https://wzmlfzlmmwclerbwqfha.supabase.co/rest/v1/action_grid_classification?select=classification_id&barangay_id=eq.17&service_name=eq.social "HTTP/2 403 Forbidden"
2025-10-01 11:13:05,896 - httpx - INFO - HTTP Request: POST https://wzmlfzlmmwclerbwqfha.supabase.co/rest/v1/ai_insight "HTTP/2 400 Bad Request"
2025-10-01 11:13:05,898 - analyze_barangay - INFO - Analysis completed successfully for barangay ID: 17
2025-10-01 11:16:29,541 - analyze_barangay - INFO - Analyzing barangay ID: 17
2025-10-01 11:16:32,282 - httpx - INFO - HTTP Request: GET https://wzmlfzlmmwclerbwqfha.supabase.co/rest/v1/action_grid_classification?select=classification_id&barangay_id=eq.17&service_name=eq.business "HTTP/2 403 Forbidden"
2025-10-01 11:16:32,516 - httpx - INFO - HTTP Request: GET https://wzmlfzlmmwclerbwqfha.supabase.co/rest/v1/action_grid_classification?select=classification_id&barangay_id=eq.17&service_name=eq.disaster "HTTP/2 403 Forbidden"
2025-10-01 11:16:32,743 - httpx - INFO - HTTP Request: GET https://wzmlfzlmmwclerbwqfha.supabase.co/rest/v1/action_grid_classification?select=classification_id&barangay_id=eq.17&service_name=eq.environmental "HTTP/2 403 Forbidden"
2025-10-01 11:16:32,973 - httpx - INFO - HTTP Request: GET https://wzmlfzlmmwclerbwqfha.supabase.co/rest/v1/action_grid_classification?select=classification_id&barangay_id=eq.17&service_name=eq.financial "HTTP/2 403 Forbidden"
2025-10-01 11:16:33,202 - httpx - INFO - HTTP Request: GET https://wzmlfzlmmwclerbwqfha.supabase.co/rest/v1/action_grid_classification?select=classification_id&barangay_id=eq.17&service_name=eq.safety "HTTP/2 403 Forbidden"
2025-10-01 11:16:33,431 - httpx - INFO - HTTP Request: GET https://wzmlfzlmmwclerbwqfha.supabase.co/rest/v1/action_grid_classification?select=classification_id&barangay_id=eq.17&service_name=eq.social "HTTP/2 403 Forbidden"
2025-10-01 11:16:34,093 - httpx - INFO - HTTP Request: POST https://wzmlfzlmmwclerbwqfha.supabase.co/rest/v1/ai_insight "HTTP/2 400 Bad Request"
2025-10-01 11:16:34,095 - analyze_barangay - INFO - Analysis completed successfully for barangay ID: 17
2025-10-01 11:36:56,249 - analyze_barangay - INFO - Analyzing barangay ID: 17
2025-10-01 11:36:59,491 - httpx - INFO - HTTP Request: GET https://wzmlfzlmmwclerbwqfha.supabase.co/rest/v1/action_grid_classification?select=classification_id&barangay_id=eq.17&service_name=eq.business "HTTP/2 403 Forbidden"
2025-10-01 11:36:59,627 - httpx - INFO - HTTP Request: GET https://wzmlfzlmmwclerbwqfha.supabase.co/rest/v1/action_grid_classification?select=classification_id&barangay_id=eq.17&service_name=eq.disaster "HTTP/2 403 Forbidden"
2025-10-01 11:36:59,770 - httpx - INFO - HTTP Request: GET https://wzmlfzlmmwclerbwqfha.supabase.co/rest/v1/action_grid_classification?select=classification_id&barangay_id=eq.17&service_name=eq.environmental "HTTP/2 403 Forbidden"
2025-10-01 11:36:59,907 - httpx - INFO - HTTP Request: GET https://wzmlfzlmmwclerbwqfha.supabase.co/rest/v1/action_grid_classification?select=classification_id&barangay_id=eq.17&service_name=eq.financial "HTTP/2 403 Forbidden"
2025-10-01 11:37:00,044 - httpx - INFO - HTTP Request: GET https://wzmlfzlmmwclerbwqfha.supabase.co/rest/v1/action_grid_classification?select=classification_id&barangay_id=eq.17&service_name=eq.safety "HTTP/2 403 Forbidden"
2025-10-01 11:37:00,188 - httpx - INFO - HTTP Request: GET https://wzmlfzlmmwclerbwqfha.supabase.co/rest/v1/action_grid_classification?select=classification_id&barangay_id=eq.17&service_name=eq.social "HTTP/2 403 Forbidden"
2025-10-01 11:37:00,814 - httpx - INFO - HTTP Request: POST https://wzmlfzlmmwclerbwqfha.supabase.co/rest/v1/ai_insight "HTTP/2 400 Bad Request"
2025-10-01 11:37:00,817 - analyze_barangay - INFO - Analysis completed successfully for barangay ID: 17
2025-10-01 12:05:30,751 - analyze_barangay - INFO - Analyzing barangay ID: 17
2025-10-01 12:05:30,752 - analyze_barangay - INFO - Analyzing barangay ID: 17
2025-10-01 12:05:34,215 - httpx - INFO - HTTP Request: GET https://wzmlfzlmmwclerbwqfha.supabase.co/rest/v1/action_grid_classification?select=classification_id&barangay_id=eq.17&service_name=eq.business "HTTP/2 403 Forbidden"
2025-10-01 12:05:34,221 - httpx - INFO - HTTP Request: GET https://wzmlfzlmmwclerbwqfha.supabase.co/rest/v1/action_grid_classification?select=classification_id&barangay_id=eq.17&service_name=eq.business "HTTP/2 403 Forbidden"
2025-10-01 12:05:34,395 - httpx - INFO - HTTP Request: GET https://wzmlfzlmmwclerbwqfha.supabase.co/rest/v1/action_grid_classification?select=classification_id&barangay_id=eq.17&service_name=eq.disaster "HTTP/2 403 Forbidden"
2025-10-01 12:05:34,410 - httpx - INFO - HTTP Request: GET https://wzmlfzlmmwclerbwqfha.supabase.co/rest/v1/action_grid_classification?select=classification_id&barangay_id=eq.17&service_name=eq.disaster "HTTP/2 403 Forbidden"
2025-10-01 12:05:34,565 - httpx - INFO - HTTP Request: GET https://wzmlfzlmmwclerbwqfha.supabase.co/rest/v1/action_grid_classification?select=classification_id&barangay_id=eq.17&service_name=eq.environmental "HTTP/2 403 Forbidden"
2025-10-01 12:05:34,605 - httpx - INFO - HTTP Request: GET https://wzmlfzlmmwclerbwqfha.supabase.co/rest/v1/action_grid_classification?select=classification_id&barangay_id=eq.17&service_name=eq.environmental "HTTP/2 403 Forbidden"
2025-10-01 12:05:34,724 - httpx - INFO - HTTP Request: GET https://wzmlfzlmmwclerbwqfha.supabase.co/rest/v1/action_grid_classification?select=classification_id&barangay_id=eq.17&service_name=eq.financial "HTTP/2 403 Forbidden"
2025-10-01 12:05:34,777 - httpx - INFO - HTTP Request: GET https://wzmlfzlmmwclerbwqfha.supabase.co/rest/v1/action_grid_classification?select=classification_id&barangay_id=eq.17&service_name=eq.financial "HTTP/2 403 Forbidden"
2025-10-01 12:05:34,867 - httpx - INFO - HTTP Request: GET https://wzmlfzlmmwclerbwqfha.supabase.co/rest/v1/action_grid_classification?select=classification_id&barangay_id=eq.17&service_name=eq.safety "HTTP/2 403 Forbidden"
2025-10-01 12:05:34,946 - httpx - INFO - HTTP Request: GET https://wzmlfzlmmwclerbwqfha.supabase.co/rest/v1/action_grid_classification?select=classification_id&barangay_id=eq.17&service_name=eq.safety "HTTP/2 403 Forbidden"
2025-10-01 12:05:34,977 - httpx - INFO - HTTP Request: GET https://wzmlfzlmmwclerbwqfha.supabase.co/rest/v1/action_grid_classification?select=classification_id&barangay_id=eq.17&service_name=eq.social "HTTP/2 403 Forbidden"
2025-10-01 12:05:35,109 - httpx - INFO - HTTP Request: GET https://wzmlfzlmmwclerbwqfha.supabase.co/rest/v1/action_grid_classification?select=classification_id&barangay_id=eq.17&service_name=eq.social "HTTP/2 403 Forbidden"
2025-10-01 12:05:35,590 - httpx - INFO - HTTP Request: POST https://wzmlfzlmmwclerbwqfha.supabase.co/rest/v1/ai_insight "HTTP/2 400 Bad Request"
2025-10-01 12:05:35,594 - analyze_barangay - INFO - Analysis completed successfully for barangay ID: 17
2025-10-01 12:05:35,747 - httpx - INFO - HTTP Request: POST https://wzmlfzlmmwclerbwqfha.supabase.co/rest/v1/ai_insight "HTTP/2 400 Bad Request"
2025-10-01 12:05:35,748 - analyze_barangay - INFO - Analysis completed successfully for barangay ID: 17
2025-10-01 12:05:42,917 - analyze_barangay - INFO - Analyzing barangay ID: 17
2025-10-01 12:05:42,925 - analyze_barangay - INFO - Analyzing barangay ID: 17
2025-10-01 12:05:45,688 - httpx - INFO - HTTP Request: GET https://wzmlfzlmmwclerbwqfha.supabase.co/rest/v1/action_grid_classification?select=classification_id&barangay_id=eq.17&service_name=eq.business "HTTP/2 403 Forbidden"
2025-10-01 12:05:45,708 - httpx - INFO - HTTP Request: GET https://wzmlfzlmmwclerbwqfha.supabase.co/rest/v1/action_grid_classification?select=classification_id&barangay_id=eq.17&service_name=eq.business "HTTP/2 403 Forbidden"
2025-10-01 12:05:45,850 - httpx - INFO - HTTP Request: GET https://wzmlfzlmmwclerbwqfha.supabase.co/rest/v1/action_grid_classification?select=classification_id&barangay_id=eq.17&service_name=eq.disaster "HTTP/2 403 Forbidden"
2025-10-01 12:05:45,855 - httpx - INFO - HTTP Request: GET https://wzmlfzlmmwclerbwqfha.supabase.co/rest/v1/action_grid_classification?select=classification_id&barangay_id=eq.17&service_name=eq.disaster "HTTP/2 403 Forbidden"
2025-10-01 12:05:45,965 - httpx - INFO - HTTP Request: GET https://wzmlfzlmmwclerbwqfha.supabase.co/rest/v1/action_grid_classification?select=classification_id&barangay_id=eq.17&service_name=eq.environmental "HTTP/2 403 Forbidden"
2025-10-01 12:05:45,968 - httpx - INFO - HTTP Request: GET https://wzmlfzlmmwclerbwqfha.supabase.co/rest/v1/action_grid_classification?select=classification_id&barangay_id=eq.17&service_name=eq.environmental "HTTP/2 403 Forbidden"
2025-10-01 12:05:46,076 - httpx - INFO - HTTP Request: GET https://wzmlfzlmmwclerbwqfha.supabase.co/rest/v1/action_grid_classification?select=classification_id&barangay_id=eq.17&service_name=eq.financial "HTTP/2 403 Forbidden"
2025-10-01 12:05:46,083 - httpx - INFO - HTTP Request: GET https://wzmlfzlmmwclerbwqfha.supabase.co/rest/v1/action_grid_classification?select=classification_id&barangay_id=eq.17&service_name=eq.financial "HTTP/2 403 Forbidden"
2025-10-01 12:05:46,183 - httpx - INFO - HTTP Request: GET https://wzmlfzlmmwclerbwqfha.supabase.co/rest/v1/action_grid_classification?select=classification_id&barangay_id=eq.17&service_name=eq.safety "HTTP/2 403 Forbidden"
2025-10-01 12:05:46,195 - httpx - INFO - HTTP Request: GET https://wzmlfzlmmwclerbwqfha.supabase.co/rest/v1/action_grid_classification?select=classification_id&barangay_id=eq.17&service_name=eq.safety "HTTP/2 403 Forbidden"
2025-10-01 12:05:46,298 - httpx - INFO - HTTP Request: GET https://wzmlfzlmmwclerbwqfha.supabase.co/rest/v1/action_grid_classification?select=classification_id&barangay_id=eq.17&service_name=eq.social "HTTP/2 403 Forbidden"
2025-10-01 12:05:46,305 - httpx - INFO - HTTP Request: GET https://wzmlfzlmmwclerbwqfha.supabase.co/rest/v1/action_grid_classification?select=classification_id&barangay_id=eq.17&service_name=eq.social "HTTP/2 403 Forbidden"
2025-10-01 12:05:46,878 - httpx - INFO - HTTP Request: POST https://wzmlfzlmmwclerbwqfha.supabase.co/rest/v1/ai_insight "HTTP/2 400 Bad Request"
2025-10-01 12:05:46,879 - analyze_barangay - INFO - Analysis completed successfully for barangay ID: 17
2025-10-01 12:05:46,879 - analyze_barangay - INFO - Analysis completed successfully for barangay ID: 17
2025-10-01 12:10:47,986 - analyze_barangay - INFO - Analyzing barangay ID: 17
2025-10-01 12:10:48,000 - analyze_barangay - INFO - Analyzing barangay ID: 17
2025-10-01 12:10:51,004 - httpx - INFO - HTTP Request: GET https://wzmlfzlmmwclerbwqfha.supabase.co/rest/v1/action_grid_classification?select=classification_id&barangay_id=eq.17&service_name=eq.business "HTTP/2 403 Forbidden"
2025-10-01 12:10:51,017 - httpx - INFO - HTTP Request: GET https://wzmlfzlmmwclerbwqfha.supabase.co/rest/v1/action_grid_classification?select=classification_id&barangay_id=eq.17&service_name=eq.business "HTTP/2 403 Forbidden"
2025-10-01 12:10:51,112 - httpx - INFO - HTTP Request: GET https://wzmlfzlmmwclerbwqfha.supabase.co/rest/v1/action_grid_classification?select=classification_id&barangay_id=eq.17&service_name=eq.disaster "HTTP/2 403 Forbidden"
2025-10-01 12:10:51,128 - httpx - INFO - HTTP Request: GET https://wzmlfzlmmwclerbwqfha.supabase.co/rest/v1/action_grid_classification?select=classification_id&barangay_id=eq.17&service_name=eq.disaster "HTTP/2 403 Forbidden"
2025-10-01 12:10:51,243 - httpx - INFO - HTTP Request: GET https://wzmlfzlmmwclerbwqfha.supabase.co/rest/v1/action_grid_classification?select=classification_id&barangay_id=eq.17&service_name=eq.environmental "HTTP/2 403 Forbidden"
2025-10-01 12:10:51,270 - httpx - INFO - HTTP Request: GET https://wzmlfzlmmwclerbwqfha.supabase.co/rest/v1/action_grid_classification?select=classification_id&barangay_id=eq.17&service_name=eq.environmental "HTTP/2 403 Forbidden"
2025-10-01 12:10:51,405 - httpx - INFO - HTTP Request: GET https://wzmlfzlmmwclerbwqfha.supabase.co/rest/v1/action_grid_classification?select=classification_id&barangay_id=eq.17&service_name=eq.financial "HTTP/2 403 Forbidden"
2025-10-01 12:10:51,411 - httpx - INFO - HTTP Request: GET https://wzmlfzlmmwclerbwqfha.supabase.co/rest/v1/action_grid_classification?select=classification_id&barangay_id=eq.17&service_name=eq.financial "HTTP/2 403 Forbidden"
2025-10-01 12:10:51,618 - httpx - INFO - HTTP Request: GET https://wzmlfzlmmwclerbwqfha.supabase.co/rest/v1/action_grid_classification?select=classification_id&barangay_id=eq.17&service_name=eq.safety "HTTP/2 403 Forbidden"
2025-10-01 12:10:51,624 - httpx - INFO - HTTP Request: GET https://wzmlfzlmmwclerbwqfha.supabase.co/rest/v1/action_grid_classification?select=classification_id&barangay_id=eq.17&service_name=eq.safety "HTTP/2 403 Forbidden"
2025-10-01 12:10:51,727 - httpx - INFO - HTTP Request: GET https://wzmlfzlmmwclerbwqfha.supabase.co/rest/v1/action_grid_classification?select=classification_id&barangay_id=eq.17&service_name=eq.social "HTTP/2 403 Forbidden"
2025-10-01 12:10:51,753 - httpx - INFO - HTTP Request: GET https://wzmlfzlmmwclerbwqfha.supabase.co/rest/v1/action_grid_classification?select=classification_id&barangay_id=eq.17&service_name=eq.social "HTTP/2 403 Forbidden"
2025-10-01 12:10:52,311 - httpx - INFO - HTTP Request: POST https://wzmlfzlmmwclerbwqfha.supabase.co/rest/v1/ai_insight "HTTP/2 400 Bad Request"
2025-10-01 12:10:52,314 - analyze_barangay - INFO - Analysis completed successfully for barangay ID: 17
2025-10-01 12:10:52,330 - httpx - INFO - HTTP Request: POST https://wzmlfzlmmwclerbwqfha.supabase.co/rest/v1/ai_insight "HTTP/2 400 Bad Request"
2025-10-01 12:10:52,332 - analyze_barangay - INFO - Analysis completed successfully for barangay ID: 17
2025-10-01 12:13:47,284 - analyze_barangay - INFO - Analyzing barangay ID: 17
2025-10-01 12:13:49,859 - httpx - INFO - HTTP Request: GET https://wzmlfzlmmwclerbwqfha.supabase.co/rest/v1/action_grid_classification?select=classification_id&barangay_id=eq.17&service_name=eq.business "HTTP/2 403 Forbidden"
2025-10-01 12:13:49,861 - sigla_ml.api - WARNING - Failed to save action grid classification to database: {'message': 'permission denied for schema public', 'code': '42501', 'hint': None, 'details': None}
2025-10-01 12:13:49,985 - httpx - INFO - HTTP Request: GET https://wzmlfzlmmwclerbwqfha.supabase.co/rest/v1/action_grid_classification?select=classification_id&barangay_id=eq.17&service_name=eq.disaster "HTTP/2 403 Forbidden"
2025-10-01 12:13:49,986 - sigla_ml.api - WARNING - Failed to save action grid classification to database: {'message': 'permission denied for schema public', 'code': '42501', 'hint': None, 'details': None}
2025-10-01 12:13:50,099 - httpx - INFO - HTTP Request: GET https://wzmlfzlmmwclerbwqfha.supabase.co/rest/v1/action_grid_classification?select=classification_id&barangay_id=eq.17&service_name=eq.environmental "HTTP/2 403 Forbidden"
2025-10-01 12:13:50,100 - sigla_ml.api - WARNING - Failed to save action grid classification to database: {'message': 'permission denied for schema public', 'code': '42501', 'hint': None, 'details': None}
2025-10-01 12:13:50,213 - httpx - INFO - HTTP Request: GET https://wzmlfzlmmwclerbwqfha.supabase.co/rest/v1/action_grid_classification?select=classification_id&barangay_id=eq.17&service_name=eq.financial "HTTP/2 403 Forbidden"
2025-10-01 12:13:50,214 - sigla_ml.api - WARNING - Failed to save action grid classification to database: {'message': 'permission denied for schema public', 'code': '42501', 'hint': None, 'details': None}
2025-10-01 12:13:50,325 - httpx - INFO - HTTP Request: GET https://wzmlfzlmmwclerbwqfha.supabase.co/rest/v1/action_grid_classification?select=classification_id&barangay_id=eq.17&service_name=eq.safety "HTTP/2 403 Forbidden"
2025-10-01 12:13:50,326 - sigla_ml.api - WARNING - Failed to save action grid classification to database: {'message': 'permission denied for schema public', 'code': '42501', 'hint': None, 'details': None}
2025-10-01 12:13:50,441 - httpx - INFO - HTTP Request: GET https://wzmlfzlmmwclerbwqfha.supabase.co/rest/v1/action_grid_classification?select=classification_id&barangay_id=eq.17&service_name=eq.social "HTTP/2 403 Forbidden"
2025-10-01 12:13:50,442 - sigla_ml.api - WARNING - Failed to save action grid classification to database: {'message': 'permission denied for schema public', 'code': '42501', 'hint': None, 'details': None}
2025-10-01 12:13:51,014 - httpx - INFO - HTTP Request: POST https://wzmlfzlmmwclerbwqfha.supabase.co/rest/v1/ai_insight "HTTP/2 400 Bad Request"
2025-10-01 12:13:51,015 - sigla_ml.api - WARNING - Failed to save insights and recommendations to database: {'message': "Could not find the 'confidence' column of 'ai_insight' in the schema cache", 'code': 'PGRST204', 'hint': None, 'details': None}
2025-10-01 12:13:51,016 - analyze_barangay - INFO - Analysis completed successfully for barangay ID: 17
2025-10-01 12:14:41,783 - analyze_barangay - INFO - Analyzing barangay ID: 17
2025-10-01 12:14:44,771 - httpx - INFO - HTTP Request: GET https://wzmlfzlmmwclerbwqfha.supabase.co/rest/v1/action_grid_classification?select=classification_id&barangay_id=eq.17&service_name=eq.business "HTTP/2 403 Forbidden"
2025-10-01 12:14:44,772 - sigla_ml.api - WARNING - Failed to save action grid classification to database: {'message': 'permission denied for schema public', 'code': '42501', 'hint': None, 'details': None}
2025-10-01 12:14:44,911 - httpx - INFO - HTTP Request: GET https://wzmlfzlmmwclerbwqfha.supabase.co/rest/v1/action_grid_classification?select=classification_id&barangay_id=eq.17&service_name=eq.disaster "HTTP/2 403 Forbidden"
2025-10-01 12:14:44,912 - sigla_ml.api - WARNING - Failed to save action grid classification to database: {'message': 'permission denied for schema public', 'code': '42501', 'hint': None, 'details': None}
2025-10-01 12:14:45,028 - httpx - INFO - HTTP Request: GET https://wzmlfzlmmwclerbwqfha.supabase.co/rest/v1/action_grid_classification?select=classification_id&barangay_id=eq.17&service_name=eq.environmental "HTTP/2 403 Forbidden"
2025-10-01 12:14:45,029 - sigla_ml.api - WARNING - Failed to save action grid classification to database: {'message': 'permission denied for schema public', 'code': '42501', 'hint': None, 'details': None}
2025-10-01 12:14:45,145 - httpx - INFO - HTTP Request: GET https://wzmlfzlmmwclerbwqfha.supabase.co/rest/v1/action_grid_classification?select=classification_id&barangay_id=eq.17&service_name=eq.financial "HTTP/2 403 Forbidden"
2025-10-01 12:14:45,146 - sigla_ml.api - WARNING - Failed to save action grid classification to database: {'message': 'permission denied for schema public', 'code': '42501', 'hint': None, 'details': None}
2025-10-01 12:14:45,261 - httpx - INFO - HTTP Request: GET https://wzmlfzlmmwclerbwqfha.supabase.co/rest/v1/action_grid_classification?select=classification_id&barangay_id=eq.17&service_name=eq.safety "HTTP/2 403 Forbidden"
2025-10-01 12:14:45,261 - sigla_ml.api - WARNING - Failed to save action grid classification to database: {'message': 'permission denied for schema public', 'code': '42501', 'hint': None, 'details': None}
2025-10-01 12:14:45,391 - httpx - INFO - HTTP Request: GET https://wzmlfzlmmwclerbwqfha.supabase.co/rest/v1/action_grid_classification?select=classification_id&barangay_id=eq.17&service_name=eq.social "HTTP/2 403 Forbidden"
2025-10-01 12:14:45,391 - sigla_ml.api - WARNING - Failed to save action grid classification to database: {'message': 'permission denied for schema public', 'code': '42501', 'hint': None, 'details': None}
2025-10-01 12:14:45,953 - httpx - INFO - HTTP Request: POST https://wzmlfzlmmwclerbwqfha.supabase.co/rest/v1/ai_insight "HTTP/2 400 Bad Request"
2025-10-01 12:14:45,953 - sigla_ml.api - WARNING - Failed to save insights and recommendations to database: {'message': "Could not find the 'confidence' column of 'ai_insight' in the schema cache", 'code': 'PGRST204', 'hint': None, 'details': None}
2025-10-01 12:14:45,954 - analyze_barangay - INFO - Analysis completed successfully for barangay ID: 17
2025-10-01 12:17:59,948 - analyze_barangay - INFO - Analyzing barangay ID: 17
2025-10-01 12:18:02,470 - httpx - INFO - HTTP Request: GET https://wzmlfzlmmwclerbwqfha.supabase.co/rest/v1/action_grid_classification?select=classification_id&barangay_id=eq.17&service_name=eq.business "HTTP/2 403 Forbidden"
2025-10-01 12:18:02,472 - sigla_ml.api - WARNING - Failed to save action grid classification to database: {'message': 'permission denied for schema public', 'code': '42501', 'hint': None, 'details': None}
2025-10-01 12:18:02,605 - httpx - INFO - HTTP Request: GET https://wzmlfzlmmwclerbwqfha.supabase.co/rest/v1/action_grid_classification?select=classification_id&barangay_id=eq.17&service_name=eq.disaster "HTTP/2 403 Forbidden"
2025-10-01 12:18:02,607 - sigla_ml.api - WARNING - Failed to save action grid classification to database: {'message': 'permission denied for schema public', 'code': '42501', 'hint': None, 'details': None}
2025-10-01 12:18:02,725 - httpx - INFO - HTTP Request: GET https://wzmlfzlmmwclerbwqfha.supabase.co/rest/v1/action_grid_classification?select=classification_id&barangay_id=eq.17&service_name=eq.environmental "HTTP/2 403 Forbidden"
2025-10-01 12:18:02,726 - sigla_ml.api - WARNING - Failed to save action grid classification to database: {'message': 'permission denied for schema public', 'code': '42501', 'hint': None, 'details': None}
2025-10-01 12:18:02,841 - httpx - INFO - HTTP Request: GET https://wzmlfzlmmwclerbwqfha.supabase.co/rest/v1/action_grid_classification?select=classification_id&barangay_id=eq.17&service_name=eq.financial "HTTP/2 403 Forbidden"
2025-10-01 12:18:02,842 - sigla_ml.api - WARNING - Failed to save action grid classification to database: {'message': 'permission denied for schema public', 'code': '42501', 'hint': None, 'details': None}
2025-10-01 12:18:02,965 - httpx - INFO - HTTP Request: GET https://wzmlfzlmmwclerbwqfha.supabase.co/rest/v1/action_grid_classification?select=classification_id&barangay_id=eq.17&service_name=eq.safety "HTTP/2 403 Forbidden"
2025-10-01 12:18:02,966 - sigla_ml.api - WARNING - Failed to save action grid classification to database: {'message': 'permission denied for schema public', 'code': '42501', 'hint': None, 'details': None}
2025-10-01 12:18:03,077 - httpx - INFO - HTTP Request: GET https://wzmlfzlmmwclerbwqfha.supabase.co/rest/v1/action_grid_classification?select=classification_id&barangay_id=eq.17&service_name=eq.social "HTTP/2 403 Forbidden"
2025-10-01 12:18:03,078 - sigla_ml.api - WARNING - Failed to save action grid classification to database: {'message': 'permission denied for schema public', 'code': '42501', 'hint': None, 'details': None}
2025-10-01 12:18:03,650 - httpx - INFO - HTTP Request: POST https://wzmlfzlmmwclerbwqfha.supabase.co/rest/v1/ai_insight "HTTP/2 400 Bad Request"
2025-10-01 12:18:03,651 - sigla_ml.api - WARNING - Failed to save insights and recommendations to database: {'message': "Could not find the 'confidence' column of 'ai_insight' in the schema cache", 'code': 'PGRST204', 'hint': None, 'details': None}
2025-10-01 12:18:03,653 - analyze_barangay - INFO - Analysis completed successfully for barangay ID: 17
2025-10-01 12:19:37,817 - analyze_barangay - INFO - Analyzing barangay ID: 17
2025-10-01 12:19:40,248 - httpx - INFO - HTTP Request: GET https://wzmlfzlmmwclerbwqfha.supabase.co/rest/v1/action_grid_classification?select=classification_id&barangay_id=eq.17&service_name=eq.business "HTTP/2 403 Forbidden"
2025-10-01 12:19:40,248 - sigla_ml.api - WARNING - Failed to save action grid classification to database: {'message': 'permission denied for schema public', 'code': '42501', 'hint': None, 'details': None}
2025-10-01 12:19:40,377 - httpx - INFO - HTTP Request: GET https://wzmlfzlmmwclerbwqfha.supabase.co/rest/v1/action_grid_classification?select=classification_id&barangay_id=eq.17&service_name=eq.disaster "HTTP/2 403 Forbidden"
2025-10-01 12:19:40,378 - sigla_ml.api - WARNING - Failed to save action grid classification to database: {'message': 'permission denied for schema public', 'code': '42501', 'hint': None, 'details': None}
2025-10-01 12:19:40,511 - httpx - INFO - HTTP Request: GET https://wzmlfzlmmwclerbwqfha.supabase.co/rest/v1/action_grid_classification?select=classification_id&barangay_id=eq.17&service_name=eq.environmental "HTTP/2 403 Forbidden"
2025-10-01 12:19:40,512 - sigla_ml.api - WARNING - Failed to save action grid classification to database: {'message': 'permission denied for schema public', 'code': '42501', 'hint': None, 'details': None}
2025-10-01 12:19:40,627 - httpx - INFO - HTTP Request: GET https://wzmlfzlmmwclerbwqfha.supabase.co/rest/v1/action_grid_classification?select=classification_id&barangay_id=eq.17&service_name=eq.financial "HTTP/2 403 Forbidden"
2025-10-01 12:19:40,628 - sigla_ml.api - WARNING - Failed to save action grid classification to database: {'message': 'permission denied for schema public', 'code': '42501', 'hint': None, 'details': None}
2025-10-01 12:19:40,743 - httpx - INFO - HTTP Request: GET https://wzmlfzlmmwclerbwqfha.supabase.co/rest/v1/action_grid_classification?select=classification_id&barangay_id=eq.17&service_name=eq.safety "HTTP/2 403 Forbidden"
2025-10-01 12:19:40,744 - sigla_ml.api - WARNING - Failed to save action grid classification to database: {'message': 'permission denied for schema public', 'code': '42501', 'hint': None, 'details': None}
2025-10-01 12:19:40,865 - httpx - INFO - HTTP Request: GET https://wzmlfzlmmwclerbwqfha.supabase.co/rest/v1/action_grid_classification?select=classification_id&barangay_id=eq.17&service_name=eq.social "HTTP/2 403 Forbidden"
2025-10-01 12:19:40,866 - sigla_ml.api - WARNING - Failed to save action grid classification to database: {'message': 'permission denied for schema public', 'code': '42501', 'hint': None, 'details': None}
2025-10-01 12:19:41,444 - httpx - INFO - HTTP Request: POST https://wzmlfzlmmwclerbwqfha.supabase.co/rest/v1/ai_insight "HTTP/2 400 Bad Request"
2025-10-01 12:19:41,445 - sigla_ml.api - WARNING - Failed to save insights and recommendations to database: {'message': "Could not find the 'confidence' column of 'ai_insight' in the schema cache", 'code': 'PGRST204', 'hint': None, 'details': None}
2025-10-01 12:19:41,447 - analyze_barangay - INFO - Analysis completed successfully for barangay ID: 17
2025-10-01 12:19:45,869 - analyze_barangay - INFO - Analyzing barangay ID: 17
2025-10-01 12:19:45,872 - analyze_barangay - INFO - Analyzing barangay ID: 17
2025-10-01 12:19:48,155 - httpx - INFO - HTTP Request: GET https://wzmlfzlmmwclerbwqfha.supabase.co/rest/v1/action_grid_classification?select=classification_id&barangay_id=eq.17&service_name=eq.business "HTTP/2 403 Forbidden"
2025-10-01 12:19:48,157 - sigla_ml.api - WARNING - Failed to save action grid classification to database: {'message': 'permission denied for schema public', 'code': '42501', 'hint': None, 'details': None}
2025-10-01 12:19:48,273 - httpx - INFO - HTTP Request: GET https://wzmlfzlmmwclerbwqfha.supabase.co/rest/v1/action_grid_classification?select=classification_id&barangay_id=eq.17&service_name=eq.disaster "HTTP/2 403 Forbidden"
2025-10-01 12:19:48,275 - sigla_ml.api - WARNING - Failed to save action grid classification to database: {'message': 'permission denied for schema public', 'code': '42501', 'hint': None, 'details': None}
2025-10-01 12:19:48,353 - httpx - INFO - HTTP Request: GET https://wzmlfzlmmwclerbwqfha.supabase.co/rest/v1/action_grid_classification?select=classification_id&barangay_id=eq.17&service_name=eq.business "HTTP/2 403 Forbidden"
2025-10-01 12:19:48,354 - sigla_ml.api - WARNING - Failed to save action grid classification to database: {'message': 'permission denied for schema public', 'code': '42501', 'hint': None, 'details': None}
2025-10-01 12:19:48,395 - httpx - INFO - HTTP Request: GET https://wzmlfzlmmwclerbwqfha.supabase.co/rest/v1/action_grid_classification?select=classification_id&barangay_id=eq.17&service_name=eq.environmental "HTTP/2 403 Forbidden"
2025-10-01 12:19:48,396 - sigla_ml.api - WARNING - Failed to save action grid classification to database: {'message': 'permission denied for schema public', 'code': '42501', 'hint': None, 'details': None}
2025-10-01 12:19:48,467 - httpx - INFO - HTTP Request: GET https://wzmlfzlmmwclerbwqfha.supabase.co/rest/v1/action_grid_classification?select=classification_id&barangay_id=eq.17&service_name=eq.disaster "HTTP/2 403 Forbidden"
2025-10-01 12:19:48,469 - sigla_ml.api - WARNING - Failed to save action grid classification to database: {'message': 'permission denied for schema public', 'code': '42501', 'hint': None, 'details': None}
2025-10-01 12:19:48,516 - httpx - INFO - HTTP Request: GET https://wzmlfzlmmwclerbwqfha.supabase.co/rest/v1/action_grid_classification?select=classification_id&barangay_id=eq.17&service_name=eq.financial "HTTP/2 403 Forbidden"
2025-10-01 12:19:48,518 - sigla_ml.api - WARNING - Failed to save action grid classification to database: {'message': 'permission denied for schema public', 'code': '42501', 'hint': None, 'details': None}
2025-10-01 12:19:48,584 - httpx - INFO - HTTP Request: GET https://wzmlfzlmmwclerbwqfha.supabase.co/rest/v1/action_grid_classification?select=classification_id&barangay_id=eq.17&service_name=eq.environmental "HTTP/2 403 Forbidden"
2025-10-01 12:19:48,586 - sigla_ml.api - WARNING - Failed to save action grid classification to database: {'message': 'permission denied for schema public', 'code': '42501', 'hint': None, 'details': None}
2025-10-01 12:19:48,633 - httpx - INFO - HTTP Request: GET https://wzmlfzlmmwclerbwqfha.supabase.co/rest/v1/action_grid_classification?select=classification_id&barangay_id=eq.17&service_name=eq.safety "HTTP/2 403 Forbidden"
2025-10-01 12:19:48,635 - sigla_ml.api - WARNING - Failed to save action grid classification to database: {'message': 'permission denied for schema public', 'code': '42501', 'hint': None, 'details': None}
2025-10-01 12:19:48,700 - httpx - INFO - HTTP Request: GET https://wzmlfzlmmwclerbwqfha.supabase.co/rest/v1/action_grid_classification?select=classification_id&barangay_id=eq.17&service_name=eq.financial "HTTP/2 403 Forbidden"
2025-10-01 12:19:48,702 - sigla_ml.api - WARNING - Failed to save action grid classification to database: {'message': 'permission denied for schema public', 'code': '42501', 'hint': None, 'details': None}
2025-10-01 12:19:48,753 - httpx - INFO - HTTP Request: GET https://wzmlfzlmmwclerbwqfha.supabase.co/rest/v1/action_grid_classification?select=classification_id&barangay_id=eq.17&service_name=eq.social "HTTP/2 403 Forbidden"
2025-10-01 12:19:48,754 - sigla_ml.api - WARNING - Failed to save action grid classification to database: {'message': 'permission denied for schema public', 'code': '42501', 'hint': None, 'details': None}
2025-10-01 12:19:48,819 - httpx - INFO - HTTP Request: GET https://wzmlfzlmmwclerbwqfha.supabase.co/rest/v1/action_grid_classification?select=classification_id&barangay_id=eq.17&service_name=eq.safety "HTTP/2 403 Forbidden"
2025-10-01 12:19:48,821 - sigla_ml.api - WARNING - Failed to save action grid classification to database: {'message': 'permission denied for schema public', 'code': '42501', 'hint': None, 'details': None}
2025-10-01 12:19:48,940 - httpx - INFO - HTTP Request: GET https://wzmlfzlmmwclerbwqfha.supabase.co/rest/v1/action_grid_classification?select=classification_id&barangay_id=eq.17&service_name=eq.social "HTTP/2 403 Forbidden"
2025-10-01 12:19:48,942 - sigla_ml.api - WARNING - Failed to save action grid classification to database: {'message': 'permission denied for schema public', 'code': '42501', 'hint': None, 'details': None}
2025-10-01 12:19:49,359 - httpx - INFO - HTTP Request: POST https://wzmlfzlmmwclerbwqfha.supabase.co/rest/v1/ai_insight "HTTP/2 400 Bad Request"
2025-10-01 12:19:49,361 - sigla_ml.api - WARNING - Failed to save insights and recommendations to database: {'message': "Could not find the 'confidence' column of 'ai_insight' in the schema cache", 'code': 'PGRST204', 'hint': None, 'details': None}
2025-10-01 12:19:49,362 - analyze_barangay - INFO - Analysis completed successfully for barangay ID: 17
2025-10-01 12:19:49,540 - httpx - INFO - HTTP Request: POST https://wzmlfzlmmwclerbwqfha.supabase.co/rest/v1/ai_insight "HTTP/2 400 Bad Request"
2025-10-01 12:19:49,541 - sigla_ml.api - WARNING - Failed to save insights and recommendations to database: {'message': "Could not find the 'confidence' column of 'ai_insight' in the schema cache", 'code': 'PGRST204', 'hint': None, 'details': None}
2025-10-01 12:19:49,543 - analyze_barangay - INFO - Analysis completed successfully for barangay ID: 17
2025-10-01 14:04:35,640 - analyze_barangay - INFO - Analyzing barangay ID: 1
2025-10-01 14:04:36,529 - analyze_barangay - INFO - Analysis completed successfully for barangay ID: 1
2025-10-01 14:05:20,186 - analyze_barangay - INFO - Analyzing barangay ID: 17
2025-10-01 14:05:23,548 - httpx - INFO - HTTP Request: GET https://wzmlfzlmmwclerbwqfha.supabase.co/rest/v1/action_grid_classification?select=classification_id&barangay_id=eq.17&service_name=eq.business "HTTP/2 403 Forbidden"
2025-10-01 14:05:23,550 - sigla_ml.api - WARNING - Failed to save action grid classification to database: {'message': 'permission denied for schema public', 'code': '42501', 'hint': None, 'details': None}
2025-10-01 14:05:23,684 - httpx - INFO - HTTP Request: GET https://wzmlfzlmmwclerbwqfha.supabase.co/rest/v1/action_grid_classification?select=classification_id&barangay_id=eq.17&service_name=eq.disaster "HTTP/2 403 Forbidden"
2025-10-01 14:05:23,685 - sigla_ml.api - WARNING - Failed to save action grid classification to database: {'message': 'permission denied for schema public', 'code': '42501', 'hint': None, 'details': None}
2025-10-01 14:05:23,825 - httpx - INFO - HTTP Request: GET https://wzmlfzlmmwclerbwqfha.supabase.co/rest/v1/action_grid_classification?select=classification_id&barangay_id=eq.17&service_name=eq.environmental "HTTP/2 403 Forbidden"
2025-10-01 14:05:23,826 - sigla_ml.api - WARNING - Failed to save action grid classification to database: {'message': 'permission denied for schema public', 'code': '42501', 'hint': None, 'details': None}
2025-10-01 14:05:23,957 - httpx - INFO - HTTP Request: GET https://wzmlfzlmmwclerbwqfha.supabase.co/rest/v1/action_grid_classification?select=classification_id&barangay_id=eq.17&service_name=eq.financial "HTTP/2 403 Forbidden"
2025-10-01 14:05:23,957 - sigla_ml.api - WARNING - Failed to save action grid classification to database: {'message': 'permission denied for schema public', 'code': '42501', 'hint': None, 'details': None}
2025-10-01 14:05:24,092 - httpx - INFO - HTTP Request: GET https://wzmlfzlmmwclerbwqfha.supabase.co/rest/v1/action_grid_classification?select=classification_id&barangay_id=eq.17&service_name=eq.safety "HTTP/2 403 Forbidden"
2025-10-01 14:05:24,093 - sigla_ml.api - WARNING - Failed to save action grid classification to database: {'message': 'permission denied for schema public', 'code': '42501', 'hint': None, 'details': None}
2025-10-01 14:05:24,238 - httpx - INFO - HTTP Request: GET https://wzmlfzlmmwclerbwqfha.supabase.co/rest/v1/action_grid_classification?select=classification_id&barangay_id=eq.17&service_name=eq.social "HTTP/2 403 Forbidden"
2025-10-01 14:05:24,239 - sigla_ml.api - WARNING - Failed to save action grid classification to database: {'message': 'permission denied for schema public', 'code': '42501', 'hint': None, 'details': None}
2025-10-01 14:05:24,879 - httpx - INFO - HTTP Request: POST https://wzmlfzlmmwclerbwqfha.supabase.co/rest/v1/ai_insight "HTTP/2 400 Bad Request"
2025-10-01 14:05:24,879 - sigla_ml.api - WARNING - Failed to save insights and recommendations to database: {'message': "Could not find the 'insight_text' column of 'ai_insight' in the schema cache", 'code': 'PGRST204', 'hint': None, 'details': None}
2025-10-01 14:05:24,880 - analyze_barangay - INFO - Analysis completed successfully for barangay ID: 17
2025-10-01 14:05:28,141 - analyze_barangay - INFO - Analyzing barangay ID: 19
2025-10-01 14:05:28,639 - analyze_barangay - INFO - Analysis completed successfully for barangay ID: 19
2025-10-01 14:05:47,913 - analyze_barangay - INFO - Analyzing barangay ID: 17
2025-10-01 14:05:49,986 - httpx - INFO - HTTP Request: GET https://wzmlfzlmmwclerbwqfha.supabase.co/rest/v1/action_grid_classification?select=classification_id&barangay_id=eq.17&service_name=eq.business "HTTP/2 403 Forbidden"
2025-10-01 14:05:49,987 - sigla_ml.api - WARNING - Failed to save action grid classification to database: {'message': 'permission denied for schema public', 'code': '42501', 'hint': None, 'details': None}
2025-10-01 14:05:50,160 - httpx - INFO - HTTP Request: GET https://wzmlfzlmmwclerbwqfha.supabase.co/rest/v1/action_grid_classification?select=classification_id&barangay_id=eq.17&service_name=eq.disaster "HTTP/2 403 Forbidden"
2025-10-01 14:05:50,161 - sigla_ml.api - WARNING - Failed to save action grid classification to database: {'message': 'permission denied for schema public', 'code': '42501', 'hint': None, 'details': None}
2025-10-01 14:05:50,295 - httpx - INFO - HTTP Request: GET https://wzmlfzlmmwclerbwqfha.supabase.co/rest/v1/action_grid_classification?select=classification_id&barangay_id=eq.17&service_name=eq.environmental "HTTP/2 403 Forbidden"
2025-10-01 14:05:50,296 - sigla_ml.api - WARNING - Failed to save action grid classification to database: {'message': 'permission denied for schema public', 'code': '42501', 'hint': None, 'details': None}
2025-10-01 14:05:50,456 - httpx - INFO - HTTP Request: GET https://wzmlfzlmmwclerbwqfha.supabase.co/rest/v1/action_grid_classification?select=classification_id&barangay_id=eq.17&service_name=eq.financial "HTTP/2 403 Forbidden"
2025-10-01 14:05:50,457 - sigla_ml.api - WARNING - Failed to save action grid classification to database: {'message': 'permission denied for schema public', 'code': '42501', 'hint': None, 'details': None}
2025-10-01 14:05:50,576 - httpx - INFO - HTTP Request: GET https://wzmlfzlmmwclerbwqfha.supabase.co/rest/v1/action_grid_classification?select=classification_id&barangay_id=eq.17&service_name=eq.safety "HTTP/2 403 Forbidden"
2025-10-01 14:05:50,577 - sigla_ml.api - WARNING - Failed to save action grid classification to database: {'message': 'permission denied for schema public', 'code': '42501', 'hint': None, 'details': None}
2025-10-01 14:05:50,716 - httpx - INFO - HTTP Request: GET https://wzmlfzlmmwclerbwqfha.supabase.co/rest/v1/action_grid_classification?select=classification_id&barangay_id=eq.17&service_name=eq.social "HTTP/2 403 Forbidden"
2025-10-01 14:05:50,717 - sigla_ml.api - WARNING - Failed to save action grid classification to database: {'message': 'permission denied for schema public', 'code': '42501', 'hint': None, 'details': None}
2025-10-01 14:05:51,378 - httpx - INFO - HTTP Request: POST https://wzmlfzlmmwclerbwqfha.supabase.co/rest/v1/ai_insight "HTTP/2 400 Bad Request"
2025-10-01 14:05:51,379 - sigla_ml.api - WARNING - Failed to save insights and recommendations to database: {'message': "Could not find the 'insight_text' column of 'ai_insight' in the schema cache", 'code': 'PGRST204', 'hint': None, 'details': None}
2025-10-01 14:05:51,380 - analyze_barangay - INFO - Analysis completed successfully for barangay ID: 17
2025-10-01 14:25:28,024 - analyze_barangay - INFO - Analyzing barangay ID: 17
2025-10-01 14:25:31,327 - httpx - INFO - HTTP Request: GET https://wzmlfzlmmwclerbwqfha.supabase.co/rest/v1/action_grid_classification?select=classification_id&barangay_id=eq.17&service_name=eq.business "HTTP/2 400 Bad Request"
2025-10-01 14:25:31,335 - sigla_ml.api - WARNING - Failed to save action grid classification to database: {'message': 'column action_grid_classification.service_name does not exist', 'code': '42703', 'hint': None, 'details': None}
2025-10-01 14:25:31,514 - httpx - INFO - HTTP Request: GET https://wzmlfzlmmwclerbwqfha.supabase.co/rest/v1/action_grid_classification?select=classification_id&barangay_id=eq.17&service_name=eq.disaster "HTTP/2 400 Bad Request"
2025-10-01 14:25:31,515 - sigla_ml.api - WARNING - Failed to save action grid classification to database: {'message': 'column action_grid_classification.service_name does not exist', 'code': '42703', 'hint': None, 'details': None}
2025-10-01 14:25:31,647 - httpx - INFO - HTTP Request: GET https://wzmlfzlmmwclerbwqfha.supabase.co/rest/v1/action_grid_classification?select=classification_id&barangay_id=eq.17&service_name=eq.environmental "HTTP/2 400 Bad Request"
2025-10-01 14:25:31,648 - sigla_ml.api - WARNING - Failed to save action grid classification to database: {'message': 'column action_grid_classification.service_name does not exist', 'code': '42703', 'hint': None, 'details': None}
2025-10-01 14:25:31,798 - httpx - INFO - HTTP Request: GET https://wzmlfzlmmwclerbwqfha.supabase.co/rest/v1/action_grid_classification?select=classification_id&barangay_id=eq.17&service_name=eq.financial "HTTP/2 400 Bad Request"
2025-10-01 14:25:31,798 - sigla_ml.api - WARNING - Failed to save action grid classification to database: {'message': 'column action_grid_classification.service_name does not exist', 'code': '42703', 'hint': None, 'details': None}
2025-10-01 14:25:31,927 - httpx - INFO - HTTP Request: GET https://wzmlfzlmmwclerbwqfha.supabase.co/rest/v1/action_grid_classification?select=classification_id&barangay_id=eq.17&service_name=eq.safety "HTTP/2 400 Bad Request"
2025-10-01 14:25:31,928 - sigla_ml.api - WARNING - Failed to save action grid classification to database: {'message': 'column action_grid_classification.service_name does not exist', 'code': '42703', 'hint': None, 'details': None}
2025-10-01 14:25:32,106 - httpx - INFO - HTTP Request: GET https://wzmlfzlmmwclerbwqfha.supabase.co/rest/v1/action_grid_classification?select=classification_id&barangay_id=eq.17&service_name=eq.social "HTTP/2 400 Bad Request"
2025-10-01 14:25:32,107 - sigla_ml.api - WARNING - Failed to save action grid classification to database: {'message': 'column action_grid_classification.service_name does not exist', 'code': '42703', 'hint': None, 'details': None}
2025-10-01 14:25:32,790 - httpx - INFO - HTTP Request: POST https://wzmlfzlmmwclerbwqfha.supabase.co/rest/v1/ai_insight "HTTP/2 400 Bad Request"
2025-10-01 14:25:32,791 - sigla_ml.api - WARNING - Failed to save insights and recommendations to database: {'message': "Could not find the 'insight_text' column of 'ai_insight' in the schema cache", 'code': 'PGRST204', 'hint': None, 'details': None}
2025-10-01 14:25:32,792 - analyze_barangay - INFO - Analysis completed successfully for barangay ID: 17
2025-10-01 14:26:53,138 - analyze_barangay - INFO - Analyzing barangay ID: 17
2025-10-01 14:26:56,573 - httpx - INFO - HTTP Request: GET https://wzmlfzlmmwclerbwqfha.supabase.co/rest/v1/action_grid_classification?select=classification_id&barangay_id=eq.17&service_name=eq.business "HTTP/2 200 OK"
2025-10-01 14:26:56,702 - httpx - INFO - HTTP Request: POST https://wzmlfzlmmwclerbwqfha.supabase.co/rest/v1/action_grid_classification "HTTP/2 400 Bad Request"
2025-10-01 14:26:56,703 - sigla_ml.api - WARNING - Failed to save action grid classification to database: {'message': "Could not find the 'confidence' column of 'action_grid_classification' in the schema cache", 'code': 'PGRST204', 'hint': None, 'details': None}
2025-10-01 14:26:56,823 - httpx - INFO - HTTP Request: GET https://wzmlfzlmmwclerbwqfha.supabase.co/rest/v1/action_grid_classification?select=classification_id&barangay_id=eq.17&service_name=eq.disaster "HTTP/2 200 OK"
2025-10-01 14:26:56,975 - httpx - INFO - HTTP Request: POST https://wzmlfzlmmwclerbwqfha.supabase.co/rest/v1/action_grid_classification "HTTP/2 400 Bad Request"
2025-10-01 14:26:56,976 - sigla_ml.api - WARNING - Failed to save action grid classification to database: {'message': "Could not find the 'confidence' column of 'action_grid_classification' in the schema cache", 'code': 'PGRST204', 'hint': None, 'details': None}
2025-10-01 14:26:57,094 - httpx - INFO - HTTP Request: GET https://wzmlfzlmmwclerbwqfha.supabase.co/rest/v1/action_grid_classification?select=classification_id&barangay_id=eq.17&service_name=eq.environmental "HTTP/2 200 OK"
2025-10-01 14:26:57,208 - httpx - INFO - HTTP Request: POST https://wzmlfzlmmwclerbwqfha.supabase.co/rest/v1/action_grid_classification "HTTP/2 400 Bad Request"
2025-10-01 14:26:57,209 - sigla_ml.api - WARNING - Failed to save action grid classification to database: {'message': "Could not find the 'confidence' column of 'action_grid_classification' in the schema cache", 'code': 'PGRST204', 'hint': None, 'details': None}
2025-10-01 14:26:57,338 - httpx - INFO - HTTP Request: GET https://wzmlfzlmmwclerbwqfha.supabase.co/rest/v1/action_grid_classification?select=classification_id&barangay_id=eq.17&service_name=eq.financial "HTTP/2 200 OK"
2025-10-01 14:26:57,459 - httpx - INFO - HTTP Request: POST https://wzmlfzlmmwclerbwqfha.supabase.co/rest/v1/action_grid_classification "HTTP/2 400 Bad Request"
2025-10-01 14:26:57,460 - sigla_ml.api - WARNING - Failed to save action grid classification to database: {'message': "Could not find the 'confidence' column of 'action_grid_classification' in the schema cache", 'code': 'PGRST204', 'hint': None, 'details': None}
2025-10-01 14:26:57,616 - httpx - INFO - HTTP Request: GET https://wzmlfzlmmwclerbwqfha.supabase.co/rest/v1/action_grid_classification?select=classification_id&barangay_id=eq.17&service_name=eq.safety "HTTP/2 200 OK"
2025-10-01 14:26:57,739 - httpx - INFO - HTTP Request: POST https://wzmlfzlmmwclerbwqfha.supabase.co/rest/v1/action_grid_classification "HTTP/2 400 Bad Request"
2025-10-01 14:26:57,740 - sigla_ml.api - WARNING - Failed to save action grid classification to database: {'message': "Could not find the 'confidence' column of 'action_grid_classification' in the schema cache", 'code': 'PGRST204', 'hint': None, 'details': None}
2025-10-01 14:26:57,857 - httpx - INFO - HTTP Request: GET https://wzmlfzlmmwclerbwqfha.supabase.co/rest/v1/action_grid_classification?select=classification_id&barangay_id=eq.17&service_name=eq.social "HTTP/2 200 OK"
2025-10-01 14:26:57,977 - httpx - INFO - HTTP Request: POST https://wzmlfzlmmwclerbwqfha.supabase.co/rest/v1/action_grid_classification "HTTP/2 400 Bad Request"
2025-10-01 14:26:57,978 - sigla_ml.api - WARNING - Failed to save action grid classification to database: {'message': "Could not find the 'confidence' column of 'action_grid_classification' in the schema cache", 'code': 'PGRST204', 'hint': None, 'details': None}
2025-10-01 14:26:58,593 - httpx - INFO - HTTP Request: POST https://wzmlfzlmmwclerbwqfha.supabase.co/rest/v1/ai_insight "HTTP/2 400 Bad Request"
2025-10-01 14:26:58,594 - sigla_ml.api - WARNING - Failed to save insights and recommendations to database: {'message': "Could not find the 'source' column of 'ai_insight' in the schema cache", 'code': 'PGRST204', 'hint': None, 'details': None}
2025-10-01 14:26:58,596 - analyze_barangay - INFO - Analysis completed successfully for barangay ID: 17
2025-10-01 14:30:18,789 - analyze_barangay - INFO - Analyzing barangay ID: 17
2025-10-01 14:30:21,450 - httpx - INFO - HTTP Request: GET https://wzmlfzlmmwclerbwqfha.supabase.co/rest/v1/action_grid_classification?select=classification_id&barangay_id=eq.17&service_name=eq.business "HTTP/2 200 OK"
2025-10-01 14:30:21,602 - httpx - INFO - HTTP Request: POST https://wzmlfzlmmwclerbwqfha.supabase.co/rest/v1/action_grid_classification "HTTP/2 400 Bad Request"
2025-10-01 14:30:21,604 - sigla_ml.api - WARNING - Failed to save action grid classification to database: {'message': "Could not find the 'need_action_score' column of 'action_grid_classification' in the schema cache", 'code': 'PGRST204', 'hint': None, 'details': None}
2025-10-01 14:30:21,734 - httpx - INFO - HTTP Request: GET https://wzmlfzlmmwclerbwqfha.supabase.co/rest/v1/action_grid_classification?select=classification_id&barangay_id=eq.17&service_name=eq.disaster "HTTP/2 200 OK"
2025-10-01 14:30:21,849 - httpx - INFO - HTTP Request: POST https://wzmlfzlmmwclerbwqfha.supabase.co/rest/v1/action_grid_classification "HTTP/2 400 Bad Request"
2025-10-01 14:30:21,850 - sigla_ml.api - WARNING - Failed to save action grid classification to database: {'message': "Could not find the 'need_action_score' column of 'action_grid_classification' in the schema cache", 'code': 'PGRST204', 'hint': None, 'details': None}
2025-10-01 14:30:21,982 - httpx - INFO - HTTP Request: GET https://wzmlfzlmmwclerbwqfha.supabase.co/rest/v1/action_grid_classification?select=classification_id&barangay_id=eq.17&service_name=eq.environmental "HTTP/2 200 OK"
2025-10-01 14:30:22,128 - httpx - INFO - HTTP Request: POST https://wzmlfzlmmwclerbwqfha.supabase.co/rest/v1/action_grid_classification "HTTP/2 400 Bad Request"
2025-10-01 14:30:22,129 - sigla_ml.api - WARNING - Failed to save action grid classification to database: {'message': "Could not find the 'need_action_score' column of 'action_grid_classification' in the schema cache", 'code': 'PGRST204', 'hint': None, 'details': None}
2025-10-01 14:30:22,257 - httpx - INFO - HTTP Request: GET https://wzmlfzlmmwclerbwqfha.supabase.co/rest/v1/action_grid_classification?select=classification_id&barangay_id=eq.17&service_name=eq.financial "HTTP/2 200 OK"
2025-10-01 14:30:22,401 - httpx - INFO - HTTP Request: POST https://wzmlfzlmmwclerbwqfha.supabase.co/rest/v1/action_grid_classification "HTTP/2 400 Bad Request"
2025-10-01 14:30:22,401 - sigla_ml.api - WARNING - Failed to save action grid classification to database: {'message': "Could not find the 'need_action_score' column of 'action_grid_classification' in the schema cache", 'code': 'PGRST204', 'hint': None, 'details': None}
2025-10-01 14:30:22,537 - httpx - INFO - HTTP Request: GET https://wzmlfzlmmwclerbwqfha.supabase.co/rest/v1/action_grid_classification?select=classification_id&barangay_id=eq.17&service_name=eq.safety "HTTP/2 200 OK"
2025-10-01 14:30:22,662 - httpx - INFO - HTTP Request: POST https://wzmlfzlmmwclerbwqfha.supabase.co/rest/v1/action_grid_classification "HTTP/2 400 Bad Request"
2025-10-01 14:30:22,663 - sigla_ml.api - WARNING - Failed to save action grid classification to database: {'message': "Could not find the 'need_action_score' column of 'action_grid_classification' in the schema cache", 'code': 'PGRST204', 'hint': None, 'details': None}
2025-10-01 14:30:22,778 - httpx - INFO - HTTP Request: GET https://wzmlfzlmmwclerbwqfha.supabase.co/rest/v1/action_grid_classification?select=classification_id&barangay_id=eq.17&service_name=eq.social "HTTP/2 200 OK"
2025-10-01 14:30:23,010 - httpx - INFO - HTTP Request: POST https://wzmlfzlmmwclerbwqfha.supabase.co/rest/v1/action_grid_classification "HTTP/2 400 Bad Request"
2025-10-01 14:30:23,011 - sigla_ml.api - WARNING - Failed to save action grid classification to database: {'message': "Could not find the 'need_action_score' column of 'action_grid_classification' in the schema cache", 'code': 'PGRST204', 'hint': None, 'details': None}
2025-10-01 14:30:23,655 - httpx - INFO - HTTP Request: POST https://wzmlfzlmmwclerbwqfha.supabase.co/rest/v1/ai_insight "HTTP/2 400 Bad Request"
2025-10-01 14:30:23,657 - sigla_ml.api - WARNING - Failed to save insights and recommendations to database: {'message': 'null value in column "title" of relation "ai_insight" violates not-null constraint', 'code': '23502', 'hint': None, 'details': 'Failing row contains (8, 17, CONCERN, null, null, null, null, null, null, 2025-10-01 14:30:23.537, 2025-10-01 14:30:23.537, 0.8500, Very low satisfaction for services: business, financial, SERVICE_SCORES).'}
2025-10-01 14:30:23,658 - analyze_barangay - INFO - Analysis completed successfully for barangay ID: 17
2025-10-01 14:31:12,811 - analyze_barangay - INFO - Analyzing barangay ID: 17
2025-10-01 14:31:15,480 - httpx - INFO - HTTP Request: GET https://wzmlfzlmmwclerbwqfha.supabase.co/rest/v1/action_grid_classification?select=classification_id&barangay_id=eq.17&service_name=eq.business "HTTP/2 200 OK"
2025-10-01 14:31:15,591 - httpx - INFO - HTTP Request: POST https://wzmlfzlmmwclerbwqfha.supabase.co/rest/v1/action_grid_classification "HTTP/2 400 Bad Request"
2025-10-01 14:31:15,592 - sigla_ml.api - WARNING - Failed to save action grid classification to database: {'message': "Could not find the 'updated_at' column of 'action_grid_classification' in the schema cache", 'code': 'PGRST204', 'hint': None, 'details': None}
2025-10-01 14:31:15,702 - httpx - INFO - HTTP Request: GET https://wzmlfzlmmwclerbwqfha.supabase.co/rest/v1/action_grid_classification?select=classification_id&barangay_id=eq.17&service_name=eq.disaster "HTTP/2 200 OK"
2025-10-01 14:31:15,846 - httpx - INFO - HTTP Request: POST https://wzmlfzlmmwclerbwqfha.supabase.co/rest/v1/action_grid_classification "HTTP/2 400 Bad Request"
2025-10-01 14:31:15,846 - sigla_ml.api - WARNING - Failed to save action grid classification to database: {'message': "Could not find the 'updated_at' column of 'action_grid_classification' in the schema cache", 'code': 'PGRST204', 'hint': None, 'details': None}
2025-10-01 14:31:15,956 - httpx - INFO - HTTP Request: GET https://wzmlfzlmmwclerbwqfha.supabase.co/rest/v1/action_grid_classification?select=classification_id&barangay_id=eq.17&service_name=eq.environmental "HTTP/2 200 OK"
2025-10-01 14:31:16,059 - httpx - INFO - HTTP Request: POST https://wzmlfzlmmwclerbwqfha.supabase.co/rest/v1/action_grid_classification "HTTP/2 400 Bad Request"
2025-10-01 14:31:16,060 - sigla_ml.api - WARNING - Failed to save action grid classification to database: {'message': "Could not find the 'updated_at' column of 'action_grid_classification' in the schema cache", 'code': 'PGRST204', 'hint': None, 'details': None}
2025-10-01 14:31:16,168 - httpx - INFO - HTTP Request: GET https://wzmlfzlmmwclerbwqfha.supabase.co/rest/v1/action_grid_classification?select=classification_id&barangay_id=eq.17&service_name=eq.financial "HTTP/2 200 OK"
2025-10-01 14:31:16,297 - httpx - INFO - HTTP Request: POST https://wzmlfzlmmwclerbwqfha.supabase.co/rest/v1/action_grid_classification "HTTP/2 400 Bad Request"
2025-10-01 14:31:16,298 - sigla_ml.api - WARNING - Failed to save action grid classification to database: {'message': "Could not find the 'updated_at' column of 'action_grid_classification' in the schema cache", 'code': 'PGRST204', 'hint': None, 'details': None}
2025-10-01 14:31:16,403 - httpx - INFO - HTTP Request: GET https://wzmlfzlmmwclerbwqfha.supabase.co/rest/v1/action_grid_classification?select=classification_id&barangay_id=eq.17&service_name=eq.safety "HTTP/2 200 OK"
2025-10-01 14:31:16,513 - httpx - INFO - HTTP Request: POST https://wzmlfzlmmwclerbwqfha.supabase.co/rest/v1/action_grid_classification "HTTP/2 400 Bad Request"
2025-10-01 14:31:16,514 - sigla_ml.api - WARNING - Failed to save action grid classification to database: {'message': "Could not find the 'updated_at' column of 'action_grid_classification' in the schema cache", 'code': 'PGRST204', 'hint': None, 'details': None}
2025-10-01 14:31:16,631 - httpx - INFO - HTTP Request: GET https://wzmlfzlmmwclerbwqfha.supabase.co/rest/v1/action_grid_classification?select=classification_id&barangay_id=eq.17&service_name=eq.social "HTTP/2 200 OK"
2025-10-01 14:31:16,736 - httpx - INFO - HTTP Request: POST https://wzmlfzlmmwclerbwqfha.supabase.co/rest/v1/action_grid_classification "HTTP/2 400 Bad Request"
2025-10-01 14:31:16,736 - sigla_ml.api - WARNING - Failed to save action grid classification to database: {'message': "Could not find the 'updated_at' column of 'action_grid_classification' in the schema cache", 'code': 'PGRST204', 'hint': None, 'details': None}
2025-10-01 14:31:17,408 - httpx - INFO - HTTP Request: POST https://wzmlfzlmmwclerbwqfha.supabase.co/rest/v1/ai_insight "HTTP/2 400 Bad Request"
2025-10-01 14:31:17,409 - sigla_ml.api - WARNING - Failed to save insights and recommendations to database: {'message': 'null value in column "content" of relation "ai_insight" violates not-null constraint', 'code': '23502', 'hint': None, 'details': 'Failing row contains (10, 17, CONCERN, null, null, null, null, null, null, 2025-10-01 14:31:17.296, 2025-10-01 14:31:17.296, 0.8500, Very low satisfaction for services: business, financial, SERVICE_SCORES).'}
2025-10-01 14:31:17,410 - analyze_barangay - INFO - Analysis completed successfully for barangay ID: 17
2025-10-01 14:32:10,570 - analyze_barangay - INFO - Analyzing barangay ID: 17
2025-10-01 14:32:12,976 - httpx - INFO - HTTP Request: GET https://wzmlfzlmmwclerbwqfha.supabase.co/rest/v1/action_grid_classification?select=classification_id&barangay_id=eq.17&service_name=eq.business "HTTP/2 200 OK"
2025-10-01 14:32:13,092 - httpx - INFO - HTTP Request: POST https://wzmlfzlmmwclerbwqfha.supabase.co/rest/v1/action_grid_classification "HTTP/2 400 Bad Request"
2025-10-01 14:32:13,093 - sigla_ml.api - WARNING - Failed to save action grid classification to database: {'message': 'null value in column "section_name" of relation "action_grid_classification" violates not-null constraint', 'code': '23502', 'hint': None, 'details': 'Failing row contains (25, 17, null, 47.00, null, MONITOR, null, 2025-10-01 14:32:11.607, business, 85.0, 3.285714285714286, 2025-10-01 14:32:11.606979).'}
2025-10-01 14:32:13,203 - httpx - INFO - HTTP Request: GET https://wzmlfzlmmwclerbwqfha.supabase.co/rest/v1/action_grid_classification?select=classification_id&barangay_id=eq.17&service_name=eq.disaster "HTTP/2 200 OK"
2025-10-01 14:32:13,314 - httpx - INFO - HTTP Request: POST https://wzmlfzlmmwclerbwqfha.supabase.co/rest/v1/action_grid_classification "HTTP/2 400 Bad Request"
2025-10-01 14:32:13,315 - sigla_ml.api - WARNING - Failed to save action grid classification to database: {'message': 'null value in column "section_name" of relation "action_grid_classification" violates not-null constraint', 'code': '23502', 'hint': None, 'details': 'Failing row contains (26, 17, null, 64.00, null, MONITOR, null, 2025-10-01 14:32:11.607, disaster, 85.0, 2.857142857142857, 2025-10-01 14:32:11.606979).'}
2025-10-01 14:32:13,433 - httpx - INFO - HTTP Request: GET https://wzmlfzlmmwclerbwqfha.supabase.co/rest/v1/action_grid_classification?select=classification_id&barangay_id=eq.17&service_name=eq.environmental "HTTP/2 200 OK"
2025-10-01 14:32:13,541 - httpx - INFO - HTTP Request: POST https://wzmlfzlmmwclerbwqfha.supabase.co/rest/v1/action_grid_classification "HTTP/2 400 Bad Request"
2025-10-01 14:32:13,542 - sigla_ml.api - WARNING - Failed to save action grid classification to database: {'message': 'null value in column "section_name" of relation "action_grid_classification" violates not-null constraint', 'code': '23502', 'hint': None, 'details': 'Failing row contains (27, 17, null, 61.00, null, MONITOR, null, 2025-10-01 14:32:11.607, environmental, 85.0, 3.8571428571428568, 2025-10-01 14:32:11.606979).'}
2025-10-01 14:32:13,653 - httpx - INFO - HTTP Request: GET https://wzmlfzlmmwclerbwqfha.supabase.co/rest/v1/action_grid_classification?select=classification_id&barangay_id=eq.17&service_name=eq.financial "HTTP/2 200 OK"
2025-10-01 14:32:13,773 - httpx - INFO - HTTP Request: POST https://wzmlfzlmmwclerbwqfha.supabase.co/rest/v1/action_grid_classification "HTTP/2 400 Bad Request"
2025-10-01 14:32:13,774 - sigla_ml.api - WARNING - Failed to save action grid classification to database: {'message': 'null value in column "section_name" of relation "action_grid_classification" violates not-null constraint', 'code': '23502', 'hint': None, 'details': 'Failing row contains (28, 17, null, 46.00, null, MONITOR, null, 2025-10-01 14:32:11.607, financial, 85.0, 10.428571428571429, 2025-10-01 14:32:11.606979).'}
2025-10-01 14:32:13,889 - httpx - INFO - HTTP Request: GET https://wzmlfzlmmwclerbwqfha.supabase.co/rest/v1/action_grid_classification?select=classification_id&barangay_id=eq.17&service_name=eq.safety "HTTP/2 200 OK"
2025-10-01 14:32:14,009 - httpx - INFO - HTTP Request: POST https://wzmlfzlmmwclerbwqfha.supabase.co/rest/v1/action_grid_classification "HTTP/2 400 Bad Request"
2025-10-01 14:32:14,010 - sigla_ml.api - WARNING - Failed to save action grid classification to database: {'message': 'null value in column "section_name" of relation "action_grid_classification" violates not-null constraint', 'code': '23502', 'hint': None, 'details': 'Failing row contains (29, 17, null, 58.00, null, MONITOR, null, 2025-10-01 14:32:11.607, safety, 85.0, 6.0, 2025-10-01 14:32:11.606979).'}
2025-10-01 14:32:14,127 - httpx - INFO - HTTP Request: GET https://wzmlfzlmmwclerbwqfha.supabase.co/rest/v1/action_grid_classification?select=classification_id&barangay_id=eq.17&service_name=eq.social "HTTP/2 200 OK"
2025-10-01 14:32:14,253 - httpx - INFO - HTTP Request: POST https://wzmlfzlmmwclerbwqfha.supabase.co/rest/v1/action_grid_classification "HTTP/2 400 Bad Request"
2025-10-01 14:32:14,254 - sigla_ml.api - WARNING - Failed to save action grid classification to database: {'message': 'null value in column "section_name" of relation "action_grid_classification" violates not-null constraint', 'code': '23502', 'hint': None, 'details': 'Failing row contains (30, 17, null, 55.00, null, MONITOR, null, 2025-10-01 14:32:11.607, social, 85.0, 4.857142857142857, 2025-10-01 14:32:11.606979).'}
2025-10-01 14:32:14,889 - httpx - INFO - HTTP Request: POST https://wzmlfzlmmwclerbwqfha.supabase.co/rest/v1/ai_insight "HTTP/2 201 Created"
2025-10-01 14:32:15,006 - httpx - INFO - HTTP Request: POST https://wzmlfzlmmwclerbwqfha.supabase.co/rest/v1/ai_recommendation "HTTP/2 400 Bad Request"
2025-10-01 14:32:15,007 - sigla_ml.api - WARNING - Failed to save insights and recommendations to database: {'message': "Could not find the 'updated_at' column of 'ai_recommendation' in the schema cache", 'code': 'PGRST204', 'hint': None, 'details': None}
2025-10-01 14:32:15,008 - analyze_barangay - INFO - Analysis completed successfully for barangay ID: 17
2025-10-02 16:18:33,539 - analyze_barangay - INFO - Analyzing barangay ID: 17
2025-10-02 16:18:36,815 - httpx - INFO - HTTP Request: GET https://wzmlfzlmmwclerbwqfha.supabase.co/rest/v1/action_grid_classification?select=classification_id&barangay_id=eq.17&service_name=eq.business "HTTP/2 200 OK"
2025-10-02 16:18:36,963 - httpx - INFO - HTTP Request: POST https://wzmlfzlmmwclerbwqfha.supabase.co/rest/v1/action_grid_classification "HTTP/2 201 Created"
2025-10-02 16:18:37,080 - httpx - INFO - HTTP Request: GET https://wzmlfzlmmwclerbwqfha.supabase.co/rest/v1/action_grid_classification?select=classification_id&barangay_id=eq.17&service_name=eq.disaster "HTTP/2 200 OK"
2025-10-02 16:18:37,197 - httpx - INFO - HTTP Request: POST https://wzmlfzlmmwclerbwqfha.supabase.co/rest/v1/action_grid_classification "HTTP/2 201 Created"
2025-10-02 16:18:37,329 - httpx - INFO - HTTP Request: GET https://wzmlfzlmmwclerbwqfha.supabase.co/rest/v1/action_grid_classification?select=classification_id&barangay_id=eq.17&service_name=eq.environmental "HTTP/2 200 OK"
2025-10-02 16:18:37,442 - httpx - INFO - HTTP Request: POST https://wzmlfzlmmwclerbwqfha.supabase.co/rest/v1/action_grid_classification "HTTP/2 201 Created"
2025-10-02 16:18:37,566 - httpx - INFO - HTTP Request: GET https://wzmlfzlmmwclerbwqfha.supabase.co/rest/v1/action_grid_classification?select=classification_id&barangay_id=eq.17&service_name=eq.financial "HTTP/2 200 OK"
2025-10-02 16:18:37,685 - httpx - INFO - HTTP Request: POST https://wzmlfzlmmwclerbwqfha.supabase.co/rest/v1/action_grid_classification "HTTP/2 201 Created"
2025-10-02 16:18:37,793 - httpx - INFO - HTTP Request: GET https://wzmlfzlmmwclerbwqfha.supabase.co/rest/v1/action_grid_classification?select=classification_id&barangay_id=eq.17&service_name=eq.safety "HTTP/2 200 OK"
2025-10-02 16:18:37,911 - httpx - INFO - HTTP Request: POST https://wzmlfzlmmwclerbwqfha.supabase.co/rest/v1/action_grid_classification "HTTP/2 201 Created"
2025-10-02 16:18:38,038 - httpx - INFO - HTTP Request: GET https://wzmlfzlmmwclerbwqfha.supabase.co/rest/v1/action_grid_classification?select=classification_id&barangay_id=eq.17&service_name=eq.social "HTTP/2 200 OK"
2025-10-02 16:18:38,158 - httpx - INFO - HTTP Request: POST https://wzmlfzlmmwclerbwqfha.supabase.co/rest/v1/action_grid_classification "HTTP/2 201 Created"
2025-10-02 16:18:38,841 - httpx - INFO - HTTP Request: POST https://wzmlfzlmmwclerbwqfha.supabase.co/rest/v1/ai_insight "HTTP/2 201 Created"
2025-10-02 16:18:38,990 - httpx - INFO - HTTP Request: POST https://wzmlfzlmmwclerbwqfha.supabase.co/rest/v1/ai_recommendation "HTTP/2 400 Bad Request"
2025-10-02 16:18:38,991 - sigla_ml.api - WARNING - Failed to save insights and recommendations to database: {'message': 'null value in column "priority_level" of relation "ai_recommendation" violates not-null constraint', 'code': '23502', 'hint': None, 'details': 'Failing row contains (25, 13, 17, COMMUNITY_ENGAGEMENT, null, null, null, null, null, null, null, 2025-10-02 16:18:38.702, Conduct focused community consultation on business, financial, MEDIUM, null, SERVICE_SCORES, null, 2025-10-02 16:18:38.701564).'}
2025-10-02 16:18:38,992 - analyze_barangay - INFO - Analysis completed successfully for barangay ID: 17
2025-10-02 16:19:51,241 - analyze_barangay - INFO - Analyzing barangay ID: 17
2025-10-02 16:19:53,616 - httpx - INFO - HTTP Request: GET https://wzmlfzlmmwclerbwqfha.supabase.co/rest/v1/action_grid_classification?select=classification_id&barangay_id=eq.17&service_name=eq.business "HTTP/2 200 OK"
2025-10-02 16:19:53,737 - httpx - INFO - HTTP Request: PATCH https://wzmlfzlmmwclerbwqfha.supabase.co/rest/v1/action_grid_classification?classification_id=eq.35 "HTTP/2 200 OK"
2025-10-02 16:19:53,846 - httpx - INFO - HTTP Request: GET https://wzmlfzlmmwclerbwqfha.supabase.co/rest/v1/action_grid_classification?select=classification_id&barangay_id=eq.17&service_name=eq.disaster "HTTP/2 200 OK"
2025-10-02 16:19:53,976 - httpx - INFO - HTTP Request: PATCH https://wzmlfzlmmwclerbwqfha.supabase.co/rest/v1/action_grid_classification?classification_id=eq.36 "HTTP/2 200 OK"
2025-10-02 16:19:54,087 - httpx - INFO - HTTP Request: GET https://wzmlfzlmmwclerbwqfha.supabase.co/rest/v1/action_grid_classification?select=classification_id&barangay_id=eq.17&service_name=eq.environmental "HTTP/2 200 OK"
2025-10-02 16:19:54,189 - httpx - INFO - HTTP Request: PATCH https://wzmlfzlmmwclerbwqfha.supabase.co/rest/v1/action_grid_classification?classification_id=eq.37 "HTTP/2 200 OK"
2025-10-02 16:19:54,296 - httpx - INFO - HTTP Request: GET https://wzmlfzlmmwclerbwqfha.supabase.co/rest/v1/action_grid_classification?select=classification_id&barangay_id=eq.17&service_name=eq.financial "HTTP/2 200 OK"
2025-10-02 16:19:54,404 - httpx - INFO - HTTP Request: PATCH https://wzmlfzlmmwclerbwqfha.supabase.co/rest/v1/action_grid_classification?classification_id=eq.38 "HTTP/2 200 OK"
2025-10-02 16:19:54,509 - httpx - INFO - HTTP Request: GET https://wzmlfzlmmwclerbwqfha.supabase.co/rest/v1/action_grid_classification?select=classification_id&barangay_id=eq.17&service_name=eq.safety "HTTP/2 200 OK"
2025-10-02 16:19:54,614 - httpx - INFO - HTTP Request: PATCH https://wzmlfzlmmwclerbwqfha.supabase.co/rest/v1/action_grid_classification?classification_id=eq.39 "HTTP/2 200 OK"
2025-10-02 16:19:54,719 - httpx - INFO - HTTP Request: GET https://wzmlfzlmmwclerbwqfha.supabase.co/rest/v1/action_grid_classification?select=classification_id&barangay_id=eq.17&service_name=eq.social "HTTP/2 200 OK"
2025-10-02 16:19:54,826 - httpx - INFO - HTTP Request: PATCH https://wzmlfzlmmwclerbwqfha.supabase.co/rest/v1/action_grid_classification?classification_id=eq.40 "HTTP/2 200 OK"
2025-10-02 16:19:55,527 - httpx - INFO - HTTP Request: POST https://wzmlfzlmmwclerbwqfha.supabase.co/rest/v1/ai_insight "HTTP/2 201 Created"
2025-10-02 16:19:55,633 - httpx - INFO - HTTP Request: POST https://wzmlfzlmmwclerbwqfha.supabase.co/rest/v1/ai_recommendation "HTTP/2 400 Bad Request"
2025-10-02 16:19:55,633 - sigla_ml.api - WARNING - Failed to save insights and recommendations to database: {'message': 'null value in column "title" of relation "ai_recommendation" violates not-null constraint', 'code': '23502', 'hint': None, 'details': 'Failing row contains (26, 14, 17, COMMUNITY_ENGAGEMENT, null, null, null, null, null, null, null, 2025-10-02 16:19:55.423, Conduct focused community consultation on business, financial, MEDIUM, null, SERVICE_SCORES, null, 2025-10-02 16:19:55.422842).'}
2025-10-02 16:19:55,634 - analyze_barangay - INFO - Analysis completed successfully for barangay ID: 17
2025-10-02 16:20:24,504 - analyze_barangay - INFO - Analyzing barangay ID: 17
2025-10-02 16:20:27,367 - httpx - INFO - HTTP Request: GET https://wzmlfzlmmwclerbwqfha.supabase.co/rest/v1/action_grid_classification?select=classification_id&barangay_id=eq.17&service_name=eq.business "HTTP/2 200 OK"
2025-10-02 16:20:27,637 - httpx - INFO - HTTP Request: PATCH https://wzmlfzlmmwclerbwqfha.supabase.co/rest/v1/action_grid_classification?classification_id=eq.35 "HTTP/2 200 OK"
2025-10-02 16:20:27,808 - httpx - INFO - HTTP Request: GET https://wzmlfzlmmwclerbwqfha.supabase.co/rest/v1/action_grid_classification?select=classification_id&barangay_id=eq.17&service_name=eq.disaster "HTTP/2 200 OK"
2025-10-02 16:20:27,992 - httpx - INFO - HTTP Request: PATCH https://wzmlfzlmmwclerbwqfha.supabase.co/rest/v1/action_grid_classification?classification_id=eq.36 "HTTP/2 200 OK"
2025-10-02 16:20:28,166 - httpx - INFO - HTTP Request: GET https://wzmlfzlmmwclerbwqfha.supabase.co/rest/v1/action_grid_classification?select=classification_id&barangay_id=eq.17&service_name=eq.environmental "HTTP/2 200 OK"
2025-10-02 16:20:28,337 - httpx - INFO - HTTP Request: PATCH https://wzmlfzlmmwclerbwqfha.supabase.co/rest/v1/action_grid_classification?classification_id=eq.37 "HTTP/2 200 OK"
2025-10-02 16:20:28,546 - httpx - INFO - HTTP Request: GET https://wzmlfzlmmwclerbwqfha.supabase.co/rest/v1/action_grid_classification?select=classification_id&barangay_id=eq.17&service_name=eq.financial "HTTP/2 200 OK"
2025-10-02 16:20:28,711 - httpx - INFO - HTTP Request: PATCH https://wzmlfzlmmwclerbwqfha.supabase.co/rest/v1/action_grid_classification?classification_id=eq.38 "HTTP/2 200 OK"
2025-10-02 16:20:28,876 - httpx - INFO - HTTP Request: GET https://wzmlfzlmmwclerbwqfha.supabase.co/rest/v1/action_grid_classification?select=classification_id&barangay_id=eq.17&service_name=eq.safety "HTTP/2 200 OK"
2025-10-02 16:20:29,049 - httpx - INFO - HTTP Request: PATCH https://wzmlfzlmmwclerbwqfha.supabase.co/rest/v1/action_grid_classification?classification_id=eq.39 "HTTP/2 200 OK"
2025-10-02 16:20:29,216 - httpx - INFO - HTTP Request: GET https://wzmlfzlmmwclerbwqfha.supabase.co/rest/v1/action_grid_classification?select=classification_id&barangay_id=eq.17&service_name=eq.social "HTTP/2 200 OK"
2025-10-02 16:20:29,398 - httpx - INFO - HTTP Request: PATCH https://wzmlfzlmmwclerbwqfha.supabase.co/rest/v1/action_grid_classification?classification_id=eq.40 "HTTP/2 200 OK"
2025-10-02 16:20:30,401 - httpx - INFO - HTTP Request: POST https://wzmlfzlmmwclerbwqfha.supabase.co/rest/v1/ai_insight "HTTP/2 201 Created"
2025-10-02 16:20:30,604 - httpx - INFO - HTTP Request: POST https://wzmlfzlmmwclerbwqfha.supabase.co/rest/v1/ai_recommendation "HTTP/2 400 Bad Request"
2025-10-02 16:20:30,605 - sigla_ml.api - WARNING - Failed to save insights and recommendations to database: {'message': 'null value in column "description" of relation "ai_recommendation" violates not-null constraint', 'code': '23502', 'hint': None, 'details': 'Failing row contains (27, 15, 17, COMMUNITY_ENGAGEMENT, null, null, null, null, null, null, null, 2025-10-02 16:20:30.203, Conduct focused community consultation on business, financial, MEDIUM, null, SERVICE_SCORES, null, 2025-10-02 16:20:30.20303).'}
2025-10-02 16:20:30,606 - analyze_barangay - INFO - Analysis completed successfully for barangay ID: 17
2025-10-02 16:20:55,150 - analyze_barangay - INFO - Analyzing barangay ID: 17
2025-10-02 16:20:57,313 - httpx - INFO - HTTP Request: GET https://wzmlfzlmmwclerbwqfha.supabase.co/rest/v1/action_grid_classification?select=classification_id&barangay_id=eq.17&service_name=eq.business "HTTP/2 200 OK"
2025-10-02 16:20:57,464 - httpx - INFO - HTTP Request: PATCH https://wzmlfzlmmwclerbwqfha.supabase.co/rest/v1/action_grid_classification?classification_id=eq.35 "HTTP/2 200 OK"
2025-10-02 16:20:57,635 - httpx - INFO - HTTP Request: GET https://wzmlfzlmmwclerbwqfha.supabase.co/rest/v1/action_grid_classification?select=classification_id&barangay_id=eq.17&service_name=eq.disaster "HTTP/2 200 OK"
2025-10-02 16:20:57,757 - httpx - INFO - HTTP Request: PATCH https://wzmlfzlmmwclerbwqfha.supabase.co/rest/v1/action_grid_classification?classification_id=eq.36 "HTTP/2 200 OK"
2025-10-02 16:20:57,919 - httpx - INFO - HTTP Request: GET https://wzmlfzlmmwclerbwqfha.supabase.co/rest/v1/action_grid_classification?select=classification_id&barangay_id=eq.17&service_name=eq.environmental "HTTP/2 200 OK"
2025-10-02 16:20:58,053 - httpx - INFO - HTTP Request: PATCH https://wzmlfzlmmwclerbwqfha.supabase.co/rest/v1/action_grid_classification?classification_id=eq.37 "HTTP/2 200 OK"
2025-10-02 16:20:58,208 - httpx - INFO - HTTP Request: GET https://wzmlfzlmmwclerbwqfha.supabase.co/rest/v1/action_grid_classification?select=classification_id&barangay_id=eq.17&service_name=eq.financial "HTTP/2 200 OK"
2025-10-02 16:20:58,326 - httpx - INFO - HTTP Request: PATCH https://wzmlfzlmmwclerbwqfha.supabase.co/rest/v1/action_grid_classification?classification_id=eq.38 "HTTP/2 200 OK"
2025-10-02 16:20:58,763 - httpx - INFO - HTTP Request: GET https://wzmlfzlmmwclerbwqfha.supabase.co/rest/v1/action_grid_classification?select=classification_id&barangay_id=eq.17&service_name=eq.safety "HTTP/2 200 OK"
2025-10-02 16:20:58,891 - httpx - INFO - HTTP Request: PATCH https://wzmlfzlmmwclerbwqfha.supabase.co/rest/v1/action_grid_classification?classification_id=eq.39 "HTTP/2 200 OK"
2025-10-02 16:20:59,009 - httpx - INFO - HTTP Request: GET https://wzmlfzlmmwclerbwqfha.supabase.co/rest/v1/action_grid_classification?select=classification_id&barangay_id=eq.17&service_name=eq.social "HTTP/2 200 OK"
2025-10-02 16:20:59,149 - httpx - INFO - HTTP Request: PATCH https://wzmlfzlmmwclerbwqfha.supabase.co/rest/v1/action_grid_classification?classification_id=eq.40 "HTTP/2 200 OK"
2025-10-02 16:20:59,910 - httpx - INFO - HTTP Request: POST https://wzmlfzlmmwclerbwqfha.supabase.co/rest/v1/ai_insight "HTTP/2 201 Created"
2025-10-02 16:21:00,044 - httpx - INFO - HTTP Request: POST https://wzmlfzlmmwclerbwqfha.supabase.co/rest/v1/ai_recommendation "HTTP/2 201 Created"
2025-10-02 16:21:00,046 - analyze_barangay - INFO - Analysis completed successfully for barangay ID: 17
2025-10-22 21:23:18,940 - analyze_barangay - INFO - Analyzing barangay ID: 0
2025-10-22 21:23:19,605 - analyze_barangay - INFO - Analysis completed successfully for barangay ID: 0
2025-10-22 21:23:24,940 - analyze_barangay - INFO - Analyzing barangay ID: 0
2025-10-22 21:23:25,426 - analyze_barangay - INFO - Analysis completed successfully for barangay ID: 0
2025-10-22 21:23:26,459 - analyze_barangay - INFO - Analyzing barangay ID: 0
2025-10-22 21:23:26,469 - analyze_barangay - INFO - Analyzing barangay ID: 0
2025-10-22 21:23:27,118 - analyze_barangay - INFO - Analysis completed successfully for barangay ID: 0
2025-10-22 21:23:27,118 - analyze_barangay - INFO - Analysis completed successfully for barangay ID: 0
2025-10-23 14:15:13,957 - analyze_barangay - INFO - Analyzing barangay ID: 8
2025-10-23 14:15:15,749 - analyze_barangay - INFO - Analysis completed successfully for barangay ID: 8
2025-10-23 14:15:23,737 - analyze_barangay - INFO - Analyzing barangay ID: 8
2025-10-23 14:15:23,772 - analyze_barangay - INFO - Analyzing barangay ID: 8
2025-10-23 14:15:24,683 - analyze_barangay - INFO - Analysis completed successfully for barangay ID: 8
2025-10-23 14:15:24,902 - analyze_barangay - INFO - Analysis completed successfully for barangay ID: 8
